<?xml version="1.0" encoding="UTF-8"?>
<!-- Generated by org.testng.reporters.JUnitReportReporter -->
<testsuite hostname="DESKTOP-8QP6DIR" failures="0" tests="5" name="com.todolistapp.ToDoTest" time="10.510" errors="0" timestamp="2022-08-15T12:53:35 EDT" skipped="0">
  <testcase classname="com.todolistapp.ToDoTest" name="C1VerifyTodoApplicationhLaunch" time="0.038"/>
  <system-out/>
  <testcase classname="com.todolistapp.ToDoTest" name="C2VerifyTaskAddition" time="0.122"/>
  <system-out/>
  <testcase classname="com.todolistapp.ToDoTest" name="C3VerifyTaskRemoval" time="0.115"/>
  <system-out/>
  <testcase classname="com.todolistapp.ToDoTest" name="C6VerifyClearAll" time="10.159"/>
  <system-out/>
  <testcase classname="com.todolistapp.ToDoTest" name="C16VerifyWhitespacesNotAdded" time="0.076"/>
  <system-out/>
</testsuite> <!-- com.todolistapp.ToDoTest -->
